C:\PROGRAM FILES\GIT\GITLOCAL\SELFTRAINING\MSVC\SELFTRAINING\DEBUG\SELFTRAINING.EXE
C:\PROGRAM FILES\GIT\GITLOCAL\SELFTRAINING\MSVC\SELFTRAINING\DEBUG\SELFTRAINING.ILK
C:\PROGRAM FILES\GIT\GITLOCAL\SELFTRAINING\MSVC\SELFTRAINING\DEBUG\SELFTRAINING.PDB
C:\Program Files\Git\gitlocal\selftraining\msvc\selftraining\selftraining\Debug\cl.command.1.tlog
C:\Program Files\Git\gitlocal\selftraining\msvc\selftraining\selftraining\Debug\CL.read.1.tlog
C:\Program Files\Git\gitlocal\selftraining\msvc\selftraining\selftraining\Debug\CL.write.1.tlog
C:\Program Files\Git\gitlocal\selftraining\msvc\selftraining\selftraining\Debug\link.10380.read.1.tlog
C:\Program Files\Git\gitlocal\selftraining\msvc\selftraining\selftraining\Debug\link.10380.write.1.tlog
C:\Program Files\Git\gitlocal\selftraining\msvc\selftraining\selftraining\Debug\link.10380-cvtres.read.1.tlog
C:\Program Files\Git\gitlocal\selftraining\msvc\selftraining\selftraining\Debug\link.10380-cvtres.write.1.tlog
C:\Program Files\Git\gitlocal\selftraining\msvc\selftraining\selftraining\Debug\link.9348.read.1.tlog
C:\Program Files\Git\gitlocal\selftraining\msvc\selftraining\selftraining\Debug\link.9348.write.1.tlog
C:\Program Files\Git\gitlocal\selftraining\msvc\selftraining\selftraining\Debug\link.9348-cvtres.read.1.tlog
C:\Program Files\Git\gitlocal\selftraining\msvc\selftraining\selftraining\Debug\link.9348-cvtres.write.1.tlog
C:\Program Files\Git\gitlocal\selftraining\msvc\selftraining\selftraining\Debug\link.command.1.tlog
C:\Program Files\Git\gitlocal\selftraining\msvc\selftraining\selftraining\Debug\link.read.1.tlog
C:\Program Files\Git\gitlocal\selftraining\msvc\selftraining\selftraining\Debug\link.write.1.tlog
C:\Program Files\Git\gitlocal\selftraining\msvc\selftraining\selftraining\Debug\link-cvtres.read.1.tlog
C:\Program Files\Git\gitlocal\selftraining\msvc\selftraining\selftraining\Debug\link-cvtres.write.1.tlog
C:\Program Files\Git\gitlocal\selftraining\msvc\selftraining\selftraining\Debug\mt.command.1.tlog
C:\Program Files\Git\gitlocal\selftraining\msvc\selftraining\selftraining\Debug\mt.read.1.tlog
C:\Program Files\Git\gitlocal\selftraining\msvc\selftraining\selftraining\Debug\mt.write.1.tlog
C:\Program Files\Git\gitlocal\selftraining\msvc\selftraining\selftraining\Debug\rc.command.1.tlog
C:\Program Files\Git\gitlocal\selftraining\msvc\selftraining\selftraining\Debug\rc.read.1.tlog
C:\Program Files\Git\gitlocal\selftraining\msvc\selftraining\selftraining\Debug\rc.write.1.tlog
C:\PROGRAM FILES\GIT\GITLOCAL\SELFTRAINING\MSVC\SELFTRAINING\SELFTRAINING\DEBUG\SAMPLE1.OBJ
C:\PROGRAM FILES\GIT\GITLOCAL\SELFTRAINING\MSVC\SELFTRAINING\SELFTRAINING\DEBUG\SAMPLE1_UNITTEST.OBJ
C:\PROGRAM FILES\GIT\GITLOCAL\SELFTRAINING\MSVC\SELFTRAINING\SELFTRAINING\DEBUG\SELFTRAINING.EXE.EMBED.MANIFEST
C:\PROGRAM FILES\GIT\GITLOCAL\SELFTRAINING\MSVC\SELFTRAINING\SELFTRAINING\DEBUG\SELFTRAINING.EXE.EMBED.MANIFEST.RES
C:\PROGRAM FILES\GIT\GITLOCAL\SELFTRAINING\MSVC\SELFTRAINING\SELFTRAINING\DEBUG\SELFTRAINING.EXE.INTERMEDIATE.MANIFEST
C:\PROGRAM FILES\GIT\GITLOCAL\SELFTRAINING\MSVC\SELFTRAINING\SELFTRAINING\DEBUG\SELFTRAINING.OBJ
C:\PROGRAM FILES\GIT\GITLOCAL\SELFTRAINING\MSVC\SELFTRAINING\SELFTRAINING\DEBUG\SELFTRAINING.PCH
C:\PROGRAM FILES\GIT\GITLOCAL\SELFTRAINING\MSVC\SELFTRAINING\SELFTRAINING\DEBUG\SELFTRAINING.RES
C:\Program Files\Git\gitlocal\selftraining\msvc\selftraining\selftraining\Debug\selftraining.write.1.tlog
C:\Program Files\Git\gitlocal\selftraining\msvc\selftraining\selftraining\Debug\selftraining_manifest.rc
C:\PROGRAM FILES\GIT\GITLOCAL\SELFTRAINING\MSVC\SELFTRAINING\SELFTRAINING\DEBUG\STDAFX.OBJ
C:\Program Files\Git\gitlocal\selftraining\msvc\selftraining\selftraining\Debug\vc100.idb
C:\PROGRAM FILES\GIT\GITLOCAL\SELFTRAINING\MSVC\SELFTRAINING\SELFTRAINING\DEBUG\VC100.PDB
