生成启动时间为 2019/2/21 21:30:03。
     1>项目“C:\Program Files\Git\gitlocal\selftraining\msvc\selftraining\selftraining\selftraining.vcxproj”在节点 2 上(rebuild 个目标)。
     1>_PrepareForClean:
         正在删除文件“Release\selftraining.lastbuildstate”。
       InitializeBuildStatus:
         正在对“Release\selftraining.unsuccessfulbuild”执行 Touch 任务。
       ClCompile:
         C:\Program Files (x86)\Microsoft Visual Studio 10.0\VC\bin\CL.exe /c /I../../../include /Zi /nologo /W3 /WX- /O2 /Oi /Oy- /GL /D WIN32 /D NDEBUG /D _CONSOLE /D _UNICODE /D UNICODE /Gm- /EHsc /MT /GS /Gy /fp:precise /Zc:wchar_t /Zc:forScope /Yc"StdAfx.h" /Fp"Release\selftraining.pch" /Fo"Release\\" /Fd"Release\vc100.pdb" /Gd /TP /analyze- /errorReport:prompt stdafx.cpp
         stdafx.cpp
         C:\Program Files (x86)\Microsoft Visual Studio 10.0\VC\bin\CL.exe /c /I../../../include /Zi /nologo /W3 /WX- /O2 /Oi /Oy- /GL /D WIN32 /D NDEBUG /D _CONSOLE /D _UNICODE /D UNICODE /Gm- /EHsc /MT /GS /Gy /fp:precise /Zc:wchar_t /Zc:forScope /Yu"StdAfx.h" /Fp"Release\selftraining.pch" /Fo"Release\\" /Fd"Release\vc100.pdb" /Gd /TP /analyze- /errorReport:prompt selftraining.cpp
         selftraining.cpp
       ResourceCompile:
         C:\Program Files (x86)\Microsoft SDKs\Windows\v7.0A\bin\rc.exe /D _UNICODE /D UNICODE /l"0x0409" /nologo /fo"Release\selftraining.res" selftraining.rc 
       Link:
         C:\Program Files (x86)\Microsoft Visual Studio 10.0\VC\bin\link.exe /ERRORREPORT:PROMPT /OUT:"C:\Program Files\Git\gitlocal\selftraining\msvc\selftraining\Release\selftraining.exe" /INCREMENTAL:NO /NOLOGO /LIBPATH:../../../lib gtest.lib kernel32.lib user32.lib gdi32.lib winspool.lib comdlg32.lib advapi32.lib shell32.lib ole32.lib oleaut32.lib uuid.lib odbc32.lib odbccp32.lib /MANIFEST /ManifestFile:"Release\selftraining.exe.intermediate.manifest" /MANIFESTUAC:"level='asInvoker' uiAccess='false'" /DEBUG /PDB:"C:\Program Files\Git\gitlocal\selftraining\msvc\selftraining\Release\selftraining.pdb" /SUBSYSTEM:CONSOLE /OPT:REF /OPT:ICF /LTCG /TLBID:1 /DYNAMICBASE /NXCOMPAT /IMPLIB:"C:\Program Files\Git\gitlocal\selftraining\msvc\selftraining\Release\selftraining.lib" /MACHINE:X86 Release\selftraining.res
         Release\selftraining.obj
         Release\stdafx.obj
         正在生成代码
         已完成代码的生成
         selftraining.vcxproj -> C:\Program Files\Git\gitlocal\selftraining\msvc\selftraining\Release\selftraining.exe
       Manifest:
         C:\Program Files (x86)\Microsoft SDKs\Windows\v7.0A\bin\mt.exe /nologo /verbose /outputresource:"C:\Program Files\Git\gitlocal\selftraining\msvc\selftraining\Release\selftraining.exe;#1" /manifest Release\selftraining.exe.intermediate.manifest
       FinalizeBuildStatus:
         正在删除文件“Release\selftraining.unsuccessfulbuild”。
         正在对“Release\selftraining.lastbuildstate”执行 Touch 任务。
     1>已完成生成项目“C:\Program Files\Git\gitlocal\selftraining\msvc\selftraining\selftraining\selftraining.vcxproj”(rebuild 个目标)的操作。

生成成功。

已用时间 00:00:01.51
